0 silly argv { _: [ 'clean' ],
0 silly argv   lernaVersion: '3.13.0',
0 silly argv   '$0': '/usr/local/bin/lerna' }
1 notice cli v3.13.0
2 verbose rootPath /Users/wanchengcheng/Develop/projects/nodejs
3 info versioning independent
4 info Removing the following directories:
5 info clean packages/backing-service-common/node_modules
5 info clean packages/backing-service-mongodb/node_modules
5 info clean packages/create-node-service/node_modules
5 info clean packages/eslint-config/node_modules
5 info clean packages/monokit/node_modules
5 info clean packages/node-service/node_modules
5 info clean packages/scripting/node_modules
6 info clean removing /Users/wanchengcheng/Develop/projects/nodejs/packages/backing-service-common/node_modules
7 silly rimrafDir /Users/wanchengcheng/Develop/projects/nodejs/packages/backing-service-common/node_modules
8 info clean removing /Users/wanchengcheng/Develop/projects/nodejs/packages/backing-service-mongodb/node_modules
9 silly rimrafDir /Users/wanchengcheng/Develop/projects/nodejs/packages/backing-service-mongodb/node_modules
10 info clean removing /Users/wanchengcheng/Develop/projects/nodejs/packages/create-node-service/node_modules
11 silly rimrafDir /Users/wanchengcheng/Develop/projects/nodejs/packages/create-node-service/node_modules
12 info clean removing /Users/wanchengcheng/Develop/projects/nodejs/packages/eslint-config/node_modules
13 silly rimrafDir /Users/wanchengcheng/Develop/projects/nodejs/packages/eslint-config/node_modules
14 info clean removing /Users/wanchengcheng/Develop/projects/nodejs/packages/monokit/node_modules
15 silly rimrafDir /Users/wanchengcheng/Develop/projects/nodejs/packages/monokit/node_modules
16 info clean removing /Users/wanchengcheng/Develop/projects/nodejs/packages/node-service/node_modules
17 silly rimrafDir /Users/wanchengcheng/Develop/projects/nodejs/packages/node-service/node_modules
18 info clean removing /Users/wanchengcheng/Develop/projects/nodejs/packages/scripting/node_modules
19 silly rimrafDir /Users/wanchengcheng/Develop/projects/nodejs/packages/scripting/node_modules
20 verbose rimrafDir removed /Users/wanchengcheng/Develop/projects/nodejs/packages/create-node-service/node_modules
21 verbose rimrafDir removed /Users/wanchengcheng/Develop/projects/nodejs/packages/eslint-config/node_modules
22 verbose rimrafDir removed /Users/wanchengcheng/Develop/projects/nodejs/packages/monokit/node_modules
23 error Error: Command failed: /usr/local/bin/node /Users/wanchengcheng/Develop/projects/nodejs/node_modules/rimraf/bin.js --no-glob /Users/wanchengcheng/Develop/projects/nodejs/packages/scripting/node_modules/
23 error     at makeError (/Users/wanchengcheng/Develop/projects/nodejs/node_modules/execa/index.js:174:9)
23 error     at Promise.all.then.arr (/Users/wanchengcheng/Develop/projects/nodejs/node_modules/execa/index.js:278:16)
